<?xml version="1.0" encoding="UTF-8" ?>
<testsuite tests="2" failures="0" name="com.netcracker.client.GwtTestgwt" time="8.956" errors="0" skipped="0">
  <properties>
    <property name="java.runtime.name" value="Java(TM) SE Runtime Environment"/>
    <property name="sun.boot.library.path" value="/home/anton/Documents/IntellijIDEA/JDK/jdk1.8.0_191/jre/lib/amd64"/>
    <property name="java.vm.version" value="25.191-b12"/>
    <property name="org.w3c.css.sac.parser" value="com.steadystate.css.parser.SACParserCSS3"/>
    <property name="java.vm.vendor" value="Oracle Corporation"/>
    <property name="java.vendor.url" value="http://java.oracle.com/"/>
    <property name="path.separator" value=":"/>
    <property name="java.vm.name" value="Java HotSpot(TM) 64-Bit Server VM"/>
    <property name="file.encoding.pkg" value="sun.io"/>
    <property name="user.country" value="US"/>
    <property name="sun.java.launcher" value="SUN_STANDARD"/>
    <property name="sun.os.patch.level" value="unknown"/>
    <property name="surefire.reports" value="/home/anton/IdeaProjects/maven/target/surefire-reports"/>
    <property name="java.vm.specification.name" value="Java Virtual Machine Specification"/>
    <property name="user.dir" value="/home/anton/IdeaProjects/maven"/>
    <property name="java.runtime.version" value="1.8.0_191-b12"/>
    <property name="java.awt.graphicsenv" value="sun.awt.X11GraphicsEnvironment"/>
    <property name="java.endorsed.dirs" value="/home/anton/Documents/IntellijIDEA/JDK/jdk1.8.0_191/jre/lib/endorsed"/>
    <property name="os.arch" value="amd64"/>
    <property name="java.io.tmpdir" value="/tmp"/>
    <property name="line.separator" value="
"/>
    <property name="java.vm.specification.vendor" value="Oracle Corporation"/>
    <property name="os.name" value="Linux"/>
    <property name="sun.jnu.encoding" value="UTF-8"/>
    <property name="java.library.path" value="/usr/java/packages/lib/amd64:/usr/lib64:/lib64:/lib:/usr/lib"/>
    <property name="gwt.args" value="-war /home/anton/IdeaProjects/maven/target/www-test -logLevel INFO -devMode -nocheckAssertions -XclusterFunctions -XcheckCasts -XclassMetadata -XcodeSplitting -nodraftCompile -XinlineLiteralParameters -XoptimizeDataflow -XordinalizeEnums -XremoveDuplicateFunctions -noshowUi -sourceLevel 1.8 -testBeginTimeout 1 -testMethodTimeout 5 -Xtries 1 -noincremental -precompile simple -runStyle HtmlUnit:FF38"/>
    <property name="java.specification.name" value="Java Platform API Specification"/>
    <property name="java.class.version" value="52.0"/>
    <property name="sun.management.compiler" value="HotSpot 64-Bit Tiered Compilers"/>
    <property name="os.version" value="4.15.0-42-generic"/>
    <property name="user.home" value="/home/anton"/>
    <property name="user.timezone" value="Europe/Moscow"/>
    <property name="java.awt.printerjob" value="sun.print.PSPrinterJob"/>
    <property name="file.encoding" value="UTF-8"/>
    <property name="java.specification.version" value="1.8"/>
    <property name="user.name" value="anton"/>
    <property name="java.class.path" value="/home/anton/IdeaProjects/maven/target/example-1.0-SNAPSHOT/WEB-INF/classes:/home/anton/IdeaProjects/maven/src/main/java:/home/anton/IdeaProjects/maven/target/generated-sources/gwt:/home/anton/IdeaProjects/maven/src/test/java:/home/anton/IdeaProjects/maven/src/test/resources:/home/anton/IdeaProjects/maven/target/test-classes:/home/anton/.m2/repository/com/google/gwt/gwt-servlet/2.8.1/gwt-servlet-2.8.1.jar:/home/anton/.m2/repository/com/google/gwt/gwt-user/2.8.1/gwt-user-2.8.1.jar:/home/anton/.m2/repository/com/google/jsinterop/jsinterop-annotations/1.0.1/jsinterop-annotations-1.0.1.jar:/home/anton/.m2/repository/com/google/jsinterop/jsinterop-annotations/1.0.1/jsinterop-annotations-1.0.1-sources.jar:/home/anton/.m2/repository/javax/validation/validation-api/1.0.0.GA/validation-api-1.0.0.GA.jar:/home/anton/.m2/repository/javax/validation/validation-api/1.0.0.GA/validation-api-1.0.0.GA-sources.jar:/home/anton/.m2/repository/javax/servlet/javax.servlet-api/3.1.0/javax.servlet-api-3.1.0.jar:/home/anton/.m2/repository/org/w3c/css/sac/1.3/sac-1.3.jar:/home/anton/.m2/repository/com/google/gwt/gwt-dev/2.8.1/gwt-dev-2.8.1.jar:/home/anton/.m2/repository/com/google/code/gson/gson/2.6.2/gson-2.6.2.jar:/home/anton/.m2/repository/org/ow2/asm/asm/5.0.3/asm-5.0.3.jar:/home/anton/.m2/repository/org/ow2/asm/asm-util/5.0.3/asm-util-5.0.3.jar:/home/anton/.m2/repository/org/ow2/asm/asm-tree/5.0.3/asm-tree-5.0.3.jar:/home/anton/.m2/repository/org/ow2/asm/asm-commons/5.0.3/asm-commons-5.0.3.jar:/home/anton/.m2/repository/colt/colt/1.2.0/colt-1.2.0.jar:/home/anton/.m2/repository/ant/ant/1.6.5/ant-1.6.5.jar:/home/anton/.m2/repository/commons-collections/commons-collections/3.2.2/commons-collections-3.2.2.jar:/home/anton/.m2/repository/commons-io/commons-io/2.4/commons-io-2.4.jar:/home/anton/.m2/repository/com/ibm/icu/icu4j/50.1.1/icu4j-50.1.1.jar:/home/anton/.m2/repository/tapestry/tapestry/4.0.2/tapestry-4.0.2.jar:/home/anton/.m2/repository/net/sourceforge/htmlunit/htmlunit/2.19/htmlunit-2.19.jar:/home/anton/.m2/repository/xalan/xalan/2.7.2/xalan-2.7.2.jar:/home/anton/.m2/repository/xalan/serializer/2.7.2/serializer-2.7.2.jar:/home/anton/.m2/repository/org/apache/commons/commons-lang3/3.4/commons-lang3-3.4.jar:/home/anton/.m2/repository/org/apache/httpcomponents/httpclient/4.5.1/httpclient-4.5.1.jar:/home/anton/.m2/repository/org/apache/httpcomponents/httpcore/4.4.3/httpcore-4.4.3.jar:/home/anton/.m2/repository/org/apache/httpcomponents/httpmime/4.5.1/httpmime-4.5.1.jar:/home/anton/.m2/repository/commons-codec/commons-codec/1.10/commons-codec-1.10.jar:/home/anton/.m2/repository/net/sourceforge/htmlunit/htmlunit-core-js/2.17/htmlunit-core-js-2.17.jar:/home/anton/.m2/repository/xerces/xercesImpl/2.11.0/xercesImpl-2.11.0.jar:/home/anton/.m2/repository/xml-apis/xml-apis/1.4.01/xml-apis-1.4.01.jar:/home/anton/.m2/repository/net/sourceforge/nekohtml/nekohtml/1.9.22/nekohtml-1.9.22.jar:/home/anton/.m2/repository/net/sourceforge/cssparser/cssparser/0.9.18/cssparser-0.9.18.jar:/home/anton/.m2/repository/commons-logging/commons-logging/1.2/commons-logging-1.2.jar:/home/anton/.m2/repository/org/eclipse/jetty/websocket/websocket-client/9.2.13.v20150730/websocket-client-9.2.13.v20150730.jar:/home/anton/.m2/repository/org/eclipse/jetty/websocket/websocket-common/9.2.14.v20151106/websocket-common-9.2.14.v20151106.jar:/home/anton/.m2/repository/org/eclipse/jetty/websocket/websocket-api/9.2.14.v20151106/websocket-api-9.2.14.v20151106.jar:/home/anton/.m2/repository/org/eclipse/jetty/jetty-webapp/9.2.14.v20151106/jetty-webapp-9.2.14.v20151106.jar:/home/anton/.m2/repository/org/eclipse/jetty/jetty-xml/9.2.14.v20151106/jetty-xml-9.2.14.v20151106.jar:/home/anton/.m2/repository/org/eclipse/jetty/jetty-servlet/9.2.14.v20151106/jetty-servlet-9.2.14.v20151106.jar:/home/anton/.m2/repository/org/eclipse/jetty/jetty-security/9.2.14.v20151106/jetty-security-9.2.14.v20151106.jar:/home/anton/.m2/repository/org/eclipse/jetty/jetty-servlets/9.2.14.v20151106/jetty-servlets-9.2.14.v20151106.jar:/home/anton/.m2/repository/org/eclipse/jetty/jetty-continuation/9.2.14.v20151106/jetty-continuation-9.2.14.v20151106.jar:/home/anton/.m2/repository/org/eclipse/jetty/jetty-http/9.2.14.v20151106/jetty-http-9.2.14.v20151106.jar:/home/anton/.m2/repository/org/eclipse/jetty/jetty-util/9.2.14.v20151106/jetty-util-9.2.14.v20151106.jar:/home/anton/.m2/repository/org/eclipse/jetty/jetty-io/9.2.14.v20151106/jetty-io-9.2.14.v20151106.jar:/home/anton/.m2/repository/org/eclipse/jetty/jetty-annotations/9.2.14.v20151106/jetty-annotations-9.2.14.v20151106.jar:/home/anton/.m2/repository/org/eclipse/jetty/jetty-plus/9.2.14.v20151106/jetty-plus-9.2.14.v20151106.jar:/home/anton/.m2/repository/org/eclipse/jetty/jetty-jndi/9.2.14.v20151106/jetty-jndi-9.2.14.v20151106.jar:/home/anton/.m2/repository/javax/annotation/javax.annotation-api/1.2/javax.annotation-api-1.2.jar:/home/anton/.m2/repository/org/eclipse/jetty/apache-jsp/9.2.14.v20151106/apache-jsp-9.2.14.v20151106.jar:/home/anton/.m2/repository/org/eclipse/jetty/jetty-server/9.2.14.v20151106/jetty-server-9.2.14.v20151106.jar:/home/anton/.m2/repository/org/eclipse/jetty/toolchain/jetty-schemas/3.1.M0/jetty-schemas-3.1.M0.jar:/home/anton/.m2/repository/org/mortbay/jasper/apache-jsp/8.0.9.M3/apache-jsp-8.0.9.M3.jar:/home/anton/.m2/repository/org/mortbay/jasper/apache-el/8.0.9.M3/apache-el-8.0.9.M3.jar:/home/anton/.m2/repository/junit/junit/4.11/junit-4.11.jar:/home/anton/.m2/repository/org/hamcrest/hamcrest-core/1.3/hamcrest-core-1.3.jar:/home/anton/.m2/repository/org/codehaus/mojo/gwt-maven-plugin/2.8.1/gwt-maven-plugin-2.8.1.jar:/home/anton/.m2/repository/org/apache/maven/surefire/surefire-api/2.4.3/surefire-api-2.4.3.jar"/>
    <property name="java.vm.specification.version" value="1.8"/>
    <property name="sun.arch.data.model" value="64"/>
    <property name="java.home" value="/home/anton/Documents/IntellijIDEA/JDK/jdk1.8.0_191/jre"/>
    <property name="sun.java.command" value="org.codehaus.mojo.gwt.test.MavenTestRunner com.netcracker.client.GwtTestgwt"/>
    <property name="java.specification.vendor" value="Oracle Corporation"/>
    <property name="user.language" value="en"/>
    <property name="awt.toolkit" value="sun.awt.X11.XToolkit"/>
    <property name="java.vm.info" value="mixed mode"/>
    <property name="org.eclipse.jetty.xml.XmlParser.Validating" value="false"/>
    <property name="java.version" value="1.8.0_191"/>
    <property name="java.ext.dirs" value="/home/anton/Documents/IntellijIDEA/JDK/jdk1.8.0_191/jre/lib/ext:/usr/java/packages/lib/ext"/>
    <property name="sun.boot.class.path" value="/home/anton/Documents/IntellijIDEA/JDK/jdk1.8.0_191/jre/lib/resources.jar:/home/anton/Documents/IntellijIDEA/JDK/jdk1.8.0_191/jre/lib/rt.jar:/home/anton/Documents/IntellijIDEA/JDK/jdk1.8.0_191/jre/lib/sunrsasign.jar:/home/anton/Documents/IntellijIDEA/JDK/jdk1.8.0_191/jre/lib/jsse.jar:/home/anton/Documents/IntellijIDEA/JDK/jdk1.8.0_191/jre/lib/jce.jar:/home/anton/Documents/IntellijIDEA/JDK/jdk1.8.0_191/jre/lib/charsets.jar:/home/anton/Documents/IntellijIDEA/JDK/jdk1.8.0_191/jre/lib/jfr.jar:/home/anton/Documents/IntellijIDEA/JDK/jdk1.8.0_191/jre/classes"/>
    <property name="java.vendor" value="Oracle Corporation"/>
    <property name="file.separator" value="/"/>
    <property name="java.vendor.url.bug" value="http://bugreport.sun.com/bugreport/"/>
    <property name="sun.cpu.endian" value="little"/>
    <property name="sun.io.unicode.encoding" value="UnicodeLittle"/>
    <property name="sun.font.fontmanager" value="sun.awt.X11FontManager"/>
    <property name="sun.desktop" value="gnome"/>
    <property name="sun.cpu.isalist" value=""/>
  </properties>
  <testcase classname="com.netcracker.client.GwtTestgwt" name="testGreetingService" time="8.932"/>
  <testcase classname="com.netcracker.client.GwtTestgwt" name="testFieldVerifier" time="0.018"/>
</testsuite>